<?xml version="1.0" encoding="UTF-8"?>
<!-- Generated by org.testng.reporters.JUnitReportReporter -->
<testsuite hostname="DESKTOP-H95SAIB" failures="0" tests="1" name="TestScript.AddtoCart" time="11.455" errors="0" timestamp="2023-05-26T09:19:14 IST" skipped="0">
  <testcase classname="TestScript.AddtoCart" name="addtoCart" time="11.455"/>
  <system-out/>
</testsuite> <!-- TestScript.AddtoCart -->
