<?xml version="1.0" encoding="UTF-8"?>
<!-- Generated by org.testng.reporters.JUnitReportReporter -->
<testsuite hostname="DESKTOP-H95SAIB" failures="0" tests="1" name="TestScript.AddtoCart" time="33.818" errors="0" timestamp="2023-05-25T08:46:24 IST" skipped="0">
  <testcase classname="TestScript.AddtoCart" name="addtoCart" time="33.818"/>
  <system-out/>
</testsuite> <!-- TestScript.AddtoCart -->
