<?xml version="1.0" encoding="UTF-8"?>
<!-- Generated by org.testng.reporters.JUnitReportReporter -->
<testsuite hostname="DESKTOP-H95SAIB" failures="0" tests="1" name="TestScript.SendContactDetails" time="20.485" errors="0" timestamp="2023-05-25T10:00:00 IST" skipped="0">
  <testcase classname="TestScript.SendContactDetails" name="sendContactDetails" time="20.485"/>
  <system-out/>
</testsuite> <!-- TestScript.SendContactDetails -->
